Tue Dec 16 02:10:34 PM CET 2025 - VARNING: Processen 'ssh' körs inte.
Tue Dec 16 02:10:34 PM CET 2025 - VARNING: Processen 'cron' körs inte.
Tue Dec 16 02:10:34 PM CET 2025 - VARNING: Processen 'apache2' körs inte.
Tue Dec 16 02:10:34 PM CET 2025 - Kontroller slutförda.
Tue Dec 16 02:30:53 PM CET 2025 - VARNING: Processen 'ssh' körs inte.
Tue Dec 16 02:30:53 PM CET 2025 - VARNING: Processen 'cron' körs inte.
Tue Dec 16 02:30:53 PM CET 2025 - VARNING: Processen 'apache2' körs inte.
Tue Dec 16 02:30:53 PM CET 2025 - Kontroller slutförda.
Tue Dec 16 02:41:22 PM CET 2025 - VARNING: Processen 'ssh' körs inte.
Tue Dec 16 02:41:22 PM CET 2025 - VARNING: Processen 'cron' körs inte.
Tue Dec 16 02:41:22 PM CET 2025 - VARNING: Processen 'apache2' körs inte.
Tue Dec 16 02:41:22 PM CET 2025 - Kontroller slutförda.
Tue Dec 16 02:45:22 PM CET 2025 - Processen 'ssh' körs.
Tue Dec 16 02:45:22 PM CET 2025 - Processen 'cron' körs.
Tue Dec 16 02:45:22 PM CET 2025 - Processen 'apache2' körs.
Tue Dec 16 02:45:22 PM CET 2025 - Kontroller slutförda.
Tue Dec 16 02:46:18 PM CET 2025 - Processen 'ssh' körs.
Tue Dec 16 02:46:18 PM CET 2025 - Processen 'cron' körs.
Tue Dec 16 02:46:18 PM CET 2025 - Processen 'apache2' körs.
Tue Dec 16 02:46:18 PM CET 2025 - Processen 'mysqld' körs.
Tue Dec 16 02:46:18 PM CET 2025 - Kontroller slutförda.
Tue Dec 16 02:47:02 PM CET 2025 - Processen 'ssh' körs.
Tue Dec 16 02:47:02 PM CET 2025 - Processen 'cron' körs.
Tue Dec 16 02:47:02 PM CET 2025 - Processen 'apache2' körs.
Tue Dec 16 02:47:02 PM CET 2025 - Processen 'mysqld' körs.
Tue Dec 16 02:47:02 PM CET 2025 - Processen 'hejsan.bin' körs.
Tue Dec 16 02:47:02 PM CET 2025 - Kontroller slutförda.
Tue Dec 16 02:48:44 PM CET 2025 - Processen 'ssh' körs.
Tue Dec 16 02:48:44 PM CET 2025 - Processen 'cron' körs.
Tue Dec 16 02:48:44 PM CET 2025 - Processen 'apache2' körs.
Tue Dec 16 02:48:44 PM CET 2025 - Processen 'mysqld' körs.
Tue Dec 16 02:48:44 PM CET 2025 - Processen 'hejsan.bin' körs.
Tue Dec 16 02:48:44 PM CET 2025 - Processen 'denna_filen_finns_inte' körs.
Tue Dec 16 02:48:44 PM CET 2025 - Kontroller slutförda.
Tue Dec 16 02:56:40 PM CET 2025 - VARNING: Processen 'ssh' körs inte.
Tue Dec 16 02:56:40 PM CET 2025 - VARNING: Processen 'cron' körs inte.
Tue Dec 16 02:56:40 PM CET 2025 - VARNING: Processen 'apache2' körs inte.
Tue Dec 16 02:56:40 PM CET 2025 - VARNING: Processen 'mysqld' körs inte.
Tue Dec 16 02:56:40 PM CET 2025 - VARNING: Processen 'hejsan.bin' körs inte.
Tue Dec 16 02:56:40 PM CET 2025 - VARNING: Processen 'denna_filen_finns_inte' körs inte.
Tue Dec 16 02:56:40 PM CET 2025 - Kontroller slutförda.
Tue Dec 16 03:01:39 PM CET 2025 - VARNING: Processen 'ssh' körs inte.
Tue Dec 16 03:01:39 PM CET 2025 - VARNING: Processen 'cron' körs inte.
Tue Dec 16 03:01:39 PM CET 2025 - VARNING: Processen 'apache2' körs inte.
Tue Dec 16 03:01:39 PM CET 2025 - VARNING: Processen 'mysqld' körs inte.
Tue Dec 16 03:01:39 PM CET 2025 - Kontroller slutförda.
Tue Dec 16 03:06:07 PM CET 2025 - Processen 'ssh' körs.
Tue Dec 16 03:06:07 PM CET 2025 - Processen 'cron' körs.
Tue Dec 16 03:06:07 PM CET 2025 - VARNING: Processen 'apache2' körs inte.
Tue Dec 16 03:06:07 PM CET 2025 - VARNING: Processen 'mysqld' körs inte.
Tue Dec 16 03:06:07 PM CET 2025 - Kontroller slutförda.
Tue Dec 16 03:09:51 PM CET 2025 - VARNING: Processen 'ssh' körs inte.
Tue Dec 16 03:09:51 PM CET 2025 - VARNING: Processen 'cron' körs inte.
Tue Dec 16 03:09:51 PM CET 2025 - VARNING: Processen 'apache2' körs inte.
Tue Dec 16 03:09:51 PM CET 2025 - VARNING: Processen 'mysqld' körs inte.
Tue Dec 16 03:09:51 PM CET 2025 - Kontroller slutförda.
Tue Dec 16 03:19:43 PM CET 2025 - VARNING: Processen 'ssh' körs inte.
Tue Dec 16 03:19:43 PM CET 2025 - VARNING: Processen 'cron' körs inte.
Tue Dec 16 03:19:43 PM CET 2025 - VARNING: Processen 'apache2' körs inte.
Tue Dec 16 03:19:43 PM CET 2025 - VARNING: Processen 'mysqld' körs inte.
Tue Dec 16 03:19:43 PM CET 2025 - Kontroller slutförda.
Tue Dec 16 03:19:52 PM CET 2025 - VARNING: Processen 'ssh' körs inte.
Tue Dec 16 03:19:52 PM CET 2025 - VARNING: Processen 'cron' körs inte.
Tue Dec 16 03:19:52 PM CET 2025 - VARNING: Processen 'apache2' körs inte.
Tue Dec 16 03:19:52 PM CET 2025 - VARNING: Processen 'mysqld' körs inte.
Tue Dec 16 03:19:52 PM CET 2025 - Kontroller slutförda.
